#
# A fatal error has been detected by the Java Runtime Environment:
#
#  SIGSEGV (0xb) at pc=0x00000001112232b0, pid=12721, tid=18691
#
# JRE version: Java(TM) SE Runtime Environment (8.0_25-b17) (build 1.8.0_25-b17)
# Java VM: Java HotSpot(TM) 64-Bit Server VM (25.25-b02 mixed mode bsd-amd64 compressed oops)
# Problematic frame:
# V  [libjvm.dylib+0x4232b0]
#
# Failed to write core dump. Core dumps have been disabled. To enable core dumping, try "ulimit -c unlimited" before starting Java again
#
# If you would like to submit a bug report, please visit:
#   http://bugreport.sun.com/bugreport/crash.jsp
#

---------------  T H R E A D  ---------------

Current thread (0x00007fd6d4067000):  JavaThread "JDWP Transport Listener: dt_socket" daemon [_thread_in_vm, id=18691, stack(0x000000012a83d000,0x000000012a93d000)]

siginfo: si_signo: 11 (SIGSEGV), si_code: 0 (unknown), si_addr: 0x0000000000000000

Registers:
RAX=0x0000000000000001, RBX=0x000000012a93ca8b, RCX=0x00000001115d6c80, RDX=0x000000012a93ca8b
RSP=0x000000012a93c9d0, RBP=0x000000012a93c9e0, RSI=0x00007fd6d4067000, RDI=0x0002000000000000
R8 =0x0000000000000000, R9 =0x00007fd6d2600000, R10=0x0000000000000010, R11=0x00007fd6d2600000
R12=0x00007fd6d4067000, R13=0x0002000000000000, R14=0x0002000000000000, R15=0x00007fd6d27017c0
RIP=0x00000001112232b0, EFLAGS=0x0000000000010206, ERR=0x0000000000000000
  TRAPNO=0x000000000000000d

Top of Stack: (sp=0x000000012a93c9d0)
0x000000012a93c9d0:   000000012a93ca8b 000000012a93ca8b
0x000000012a93c9e0:   000000012a93ca40 000000011113526e
0x000000012a93c9f0:   00007fd6d4067000 0000000000000000
0x000000012a93ca00:   0000000000000000 0000000000000000
0x000000012a93ca10:   00007fd6d4067000 00007fd6d4067000
0x000000012a93ca20:   000000012a93ca8b 000000012a93ca90
0x000000012a93ca30:   0002000000000000 0000000000000003
0x000000012a93ca40:   000000012a93ca60 000000010fd8a7dc
0x000000012a93ca50:   0000000000000001 000000012a93cb08
0x000000012a93ca60:   000000012a93cad0 000000010fd6f263
0x000000012a93ca70:   000000012a93caa0 00007fd6d2632b50
0x000000012a93ca80:   0000000400000032 0000000a0093cb08
0x000000012a93ca90:   0000000000000000 0000000000000000
0x000000012a93caa0:   0000000000000000 000000012a93cc90
0x000000012a93cab0:   000000010fd91eca 00007fd6d24366c0
0x000000012a93cac0:   000000012a93cb08 000000010fd9d588
0x000000012a93cad0:   000000012a93cae0 000000010fd6f35c
0x000000012a93cae0:   000000012a93cd00 000000010fd788f6
0x000000012a93caf0:   0000c02e00000013 00000000000f0200
0x000000012a93cb00:   00007fd6d2438f60 000000012a93cbf1
0x000000012a93cb10:   00007fd600000093 000000012a93cb20
0x000000012a93cb20:   00007fd600000099 000000012a93cb58
0x000000012a93cb30:   0000000000000000 00007f0000000000
0x000000012a93cb40:   0000c02e0000001c 00007fff00002f80
0x000000012a93cb50:   000000012a93cb58 d67f000004000000
0x000000012a93cb60:   0e000000187571d2 736944746e697270
0x000000012a93cb70:   00007365636e6174 646972474c280b00
0x000000012a93cb80:   0000005629495b3b 7f00000a00000000
0x000000012a93cb90:   000000f88d43d2d6 0000006e69616d04
0x000000012a93cba0:   6176616a4c5b2816 74532f676e616c2f
0x000000012a93cbb0:   0056293b676e6972 0009000000000000
0x000000012a93cbc0:   00008e43d2d67f00 0074736574040000 

Instructions: (pc=0x00000001112232b0)
0x0000000111223290:   40 48 48 85 c0 75 e0 30 c0 0f b6 c0 5d c3 31 c0
0x00000001112232a0:   5d c3 55 48 89 e5 53 48 83 ec 08 48 85 ff 74 24
0x00000001112232b0:   48 8b 1f 48 85 db 74 1c 48 83 fb 37 74 16 48 8b
0x00000001112232c0:   03 48 89 df ff 50 10 84 c0 b8 00 00 00 00 48 0f 

Register to memory mapping:

RAX=0x0000000000000001 is an unknown value
RBX=0x000000012a93ca8b is pointing into the stack for thread: 0x00007fd6d4067000
RCX=0x00000001115d6c80: UseMembar+0 in /Library/Java/JavaVirtualMachines/jdk1.8.0_25.jdk/Contents/Home/jre/lib/server/libjvm.dylib at 0x0000000110e00000
RDX=0x000000012a93ca8b is pointing into the stack for thread: 0x00007fd6d4067000
RSP=0x000000012a93c9d0 is pointing into the stack for thread: 0x00007fd6d4067000
RBP=0x000000012a93c9e0 is pointing into the stack for thread: 0x00007fd6d4067000
RSI=0x00007fd6d4067000 is a thread
RDI=0x0002000000000000 is an unknown value
R8 =0x0000000000000000 is an unknown value
R9 =0x00007fd6d2600000 is an unknown value
R10=0x0000000000000010 is an unknown value
R11=0x00007fd6d2600000 is an unknown value
R12=0x00007fd6d4067000 is a thread
R13=0x0002000000000000 is an unknown value
R14=0x0002000000000000 is an unknown value
R15=0x00007fd6d27017c0 is an unknown value


Stack: [0x000000012a83d000,0x000000012a93d000],  sp=0x000000012a93c9d0,  free space=1022k
Native frames: (J=compiled Java code, j=interpreted, Vv=VM code, C=native code)
V  [libjvm.dylib+0x4232b0]
V  [libjvm.dylib+0x33526e]
C  [libjdwp.dylib+0x207dc]  isMethodSynthetic+0x63
C  [libjdwp.dylib+0x5263]  methods1+0x10b
C  [libjdwp.dylib+0x535c]  methodsWithGeneric+0xe
C  [libjdwp.dylib+0xe8f6]  debugLoop_run+0x1ce
C  [libjdwp.dylib+0x1f716]  attachThread+0x4d
V  [libjvm.dylib+0x3762ce]
V  [libjvm.dylib+0x535ed9]
V  [libjvm.dylib+0x53761c]
V  [libjvm.dylib+0x45d87e]
C  [libsystem_pthread.dylib+0x3268]  _pthread_body+0x83
C  [libsystem_pthread.dylib+0x31e5]  _pthread_body+0x0
C  [libsystem_pthread.dylib+0x141d]  thread_start+0xd
C  0x0000000000000000


---------------  P R O C E S S  ---------------

Java Threads: ( => current thread )
  0x00007fd6d283d000 JavaThread "Service Thread" daemon [_thread_blocked, id=22275, stack(0x000000012af52000,0x000000012b052000)]
  0x00007fd6d2827800 JavaThread "C1 CompilerThread3" daemon [_thread_blocked, id=21763, stack(0x000000012ae4f000,0x000000012af4f000)]
  0x00007fd6d4068800 JavaThread "C2 CompilerThread2" daemon [_thread_blocked, id=21251, stack(0x000000012ad4c000,0x000000012ae4c000)]
  0x00007fd6d2828800 JavaThread "C2 CompilerThread1" daemon [_thread_blocked, id=20739, stack(0x000000012ac49000,0x000000012ad49000)]
  0x00007fd6d5801800 JavaThread "C2 CompilerThread0" daemon [_thread_blocked, id=20227, stack(0x000000012ab46000,0x000000012ac46000)]
  0x00007fd6d6000000 JavaThread "JDWP Command Reader" daemon [_thread_in_native, id=19715, stack(0x000000012aa43000,0x000000012ab43000)]
  0x00007fd6d4068000 JavaThread "JDWP Event Helper Thread" daemon [_thread_blocked, id=19203, stack(0x000000012a940000,0x000000012aa40000)]
=>0x00007fd6d4067000 JavaThread "JDWP Transport Listener: dt_socket" daemon [_thread_in_vm, id=18691, stack(0x000000012a83d000,0x000000012a93d000)]
  0x00007fd6d2834800 JavaThread "Signal Dispatcher" daemon [_thread_blocked, id=15379, stack(0x000000012a733000,0x000000012a833000)]
  0x00007fd6d5000000 JavaThread "Finalizer" daemon [_thread_blocked, id=13571, stack(0x0000000128df5000,0x0000000128ef5000)]
  0x00007fd6d4060800 JavaThread "Reference Handler" daemon [_thread_blocked, id=13059, stack(0x0000000128cf2000,0x0000000128df2000)]
  0x00007fd6d4000800 JavaThread "main" [_thread_blocked, id=4867, stack(0x0000000111d1d000,0x0000000111e1d000)]

Other Threads:
  0x00007fd6d405c000 VMThread [stack: 0x0000000128bef000,0x0000000128cef000] [id=12547]
  0x00007fd6d5802800 WatcherThread [stack: 0x000000012b055000,0x000000012b155000] [id=22787]

VM state:not at safepoint (normal execution)

VM Mutex/Monitor currently owned by a thread: None

Heap:
 PSYoungGen      total 38400K, used 3328K [0x0000000795580000, 0x0000000798000000, 0x00000007c0000000)
  eden space 33280K, 10% used [0x0000000795580000,0x00000007958c00e0,0x0000000797600000)
  from space 5120K, 0% used [0x0000000797b00000,0x0000000797b00000,0x0000000798000000)
  to   space 5120K, 0% used [0x0000000797600000,0x0000000797600000,0x0000000797b00000)
 ParOldGen       total 87552K, used 0K [0x0000000740000000, 0x0000000745580000, 0x0000000795580000)
  object space 87552K, 0% used [0x0000000740000000,0x0000000740000000,0x0000000745580000)
 Metaspace       used 3043K, capacity 4566K, committed 4864K, reserved 1056768K
  class space    used 327K, capacity 390K, committed 512K, reserved 1048576K

Card table byte_map: [0x00000001211df000,0x00000001215e0000] byte_map_base: 0x000000011d7df000

Marking Bits: (ParMarkBitMap*) 0x000000011169d390
 Begin Bits: [0x00000001220a3000, 0x00000001240a3000)
 End Bits:   [0x00000001240a3000, 0x00000001260a3000)

Polling page: 0x000000010fd69000

CodeCache: size=245760Kb used=1169Kb max_used=1169Kb free=244591Kb
 bounds [0x0000000111e1f000, 0x000000011208f000, 0x0000000120e1f000]
 total_blobs=283 nmethods=50 adapters=156
 compilation: enabled

Compilation events (10 events):
Event: 0.146 Thread 0x00007fd6d2827800   46       3       java.lang.String::endsWith (17 bytes)
Event: 0.146 Thread 0x00007fd6d2827800 nmethod 46 0x0000000111f41190 code [0x0000000111f41300, 0x0000000111f41548]
Event: 0.146 Thread 0x00007fd6d2827800   47       1       java.net.URL::getProtocol (5 bytes)
Event: 0.146 Thread 0x00007fd6d2827800 nmethod 47 0x0000000111f40ed0 code [0x0000000111f41020, 0x0000000111f41130]
Event: 0.146 Thread 0x00007fd6d2827800   48       1       java.lang.StringCoding$StringEncoder::requestedCharsetName (5 bytes)
Event: 0.146 Thread 0x00007fd6d2827800 nmethod 48 0x0000000111f40c10 code [0x0000000111f40d60, 0x0000000111f40e70]
Event: 0.146 Thread 0x00007fd6d2827800   49       1       java.io.File::getPath (5 bytes)
Event: 0.146 Thread 0x00007fd6d2827800 nmethod 49 0x0000000111f40950 code [0x0000000111f40aa0, 0x0000000111f40bb0]
Event: 0.154 Thread 0x00007fd6d2827800   50       3       java.lang.AbstractStringBuilder::expandCapacity (50 bytes)
Event: 0.154 Thread 0x00007fd6d2827800 nmethod 50 0x0000000111f40010 code [0x0000000111f401c0, 0x0000000111f40718]

GC Heap History (0 events):
No events

Deoptimization events (0 events):
No events

Internal exceptions (10 events):
Event: 0.144 Thread 0x00007fd6d4000800 Exception <a 'java/security/PrivilegedActionException'> (0x0000000795848420) thrown at [/HUDSON3/workspace/8-2-build-macosx-x86_64/jdk8u25/1514/hotspot/src/share/vm/prims/jvm.cpp, line 1312]
Event: 0.144 Thread 0x00007fd6d4000800 Exception <a 'java/security/PrivilegedActionException'> (0x00000007958485d8) thrown at [/HUDSON3/workspace/8-2-build-macosx-x86_64/jdk8u25/1514/hotspot/src/share/vm/prims/jvm.cpp, line 1312]
Event: 0.145 Thread 0x00007fd6d4000800 Exception <a 'java/util/zip/ZipException'> (0x0000000795849300) thrown at [/HUDSON3/workspace/8-2-build-macosx-x86_64/jdk8u25/1514/hotspot/src/share/vm/prims/jni.cpp, line 716]
Event: 0.145 Thread 0x00007fd6d4000800 Exception <a 'java/security/PrivilegedActionException'> (0x00000007958494b0) thrown at [/HUDSON3/workspace/8-2-build-macosx-x86_64/jdk8u25/1514/hotspot/src/share/vm/prims/jvm.cpp, line 1312]
Event: 0.145 Thread 0x00007fd6d4000800 Exception <a 'java/security/PrivilegedActionException'> (0x0000000795849668) thrown at [/HUDSON3/workspace/8-2-build-macosx-x86_64/jdk8u25/1514/hotspot/src/share/vm/prims/jvm.cpp, line 1312]
Event: 0.146 Thread 0x00007fd6d4000800 Exception <a 'java/util/zip/ZipException'> (0x000000079585b080) thrown at [/HUDSON3/workspace/8-2-build-macosx-x86_64/jdk8u25/1514/hotspot/src/share/vm/prims/jni.cpp, line 716]
Event: 0.147 Thread 0x00007fd6d4000800 Exception <a 'java/security/PrivilegedActionException'> (0x000000079585b230) thrown at [/HUDSON3/workspace/8-2-build-macosx-x86_64/jdk8u25/1514/hotspot/src/share/vm/prims/jvm.cpp, line 1312]
Event: 0.147 Thread 0x00007fd6d4000800 Exception <a 'java/security/PrivilegedActionException'> (0x000000079585b3e8) thrown at [/HUDSON3/workspace/8-2-build-macosx-x86_64/jdk8u25/1514/hotspot/src/share/vm/prims/jvm.cpp, line 1312]
Event: 0.147 Thread 0x00007fd6d4000800 Exception <a 'java/security/PrivilegedActionException'> (0x000000079585b758) thrown at [/HUDSON3/workspace/8-2-build-macosx-x86_64/jdk8u25/1514/hotspot/src/share/vm/prims/jvm.cpp, line 1312]
Event: 0.154 Thread 0x00007fd6d4000800 Exception <a 'java/security/PrivilegedActionException'> (0x00000007958624e8) thrown at [/HUDSON3/workspace/8-2-build-macosx-x86_64/jdk8u25/1514/hotspot/src/share/vm/prims/jvm.cpp, line 1312]

Events (10 events):
Event: 683.512 Executing VM operation: ChangeBreakpoints
Event: 683.512 Executing VM operation: ChangeBreakpoints done
Event: 848.762 Executing VM operation: RedefineClasses
Event: 848.763 Executing VM operation: RedefineClasses done
Event: 848.766 Executing VM operation: ChangeBreakpoints
Event: 848.766 Executing VM operation: ChangeBreakpoints done
Event: 848.768 Executing VM operation: ChangeBreakpoints
Event: 848.768 Executing VM operation: ChangeBreakpoints done
Event: 974.437 Executing VM operation: RedefineClasses
Event: 974.437 Executing VM operation: RedefineClasses done


Dynamic libraries:
0x000000000bb5d000 	/System/Library/Frameworks/Cocoa.framework/Versions/A/Cocoa
0x000000000bb5d000 	/System/Library/Frameworks/Security.framework/Versions/A/Security
0x000000000bb5d000 	/System/Library/Frameworks/ApplicationServices.framework/Versions/A/ApplicationServices
0x000000000bb5d000 	/usr/lib/libz.1.dylib
0x000000000bb5d000 	/usr/lib/libSystem.B.dylib
0x000000000bb5d000 	/usr/lib/libobjc.A.dylib
0x000000000bb5d000 	/System/Library/Frameworks/CoreFoundation.framework/Versions/A/CoreFoundation
0x000000000bb5d000 	/System/Library/Frameworks/Foundation.framework/Versions/C/Foundation
0x000000000bb5d000 	/System/Library/Frameworks/AppKit.framework/Versions/C/AppKit
0x000000000bb5d000 	/System/Library/Frameworks/CoreData.framework/Versions/A/CoreData
0x000000000bb5d000 	/System/Library/PrivateFrameworks/RemoteViewServices.framework/Versions/A/RemoteViewServices
0x000000000bb5d000 	/System/Library/PrivateFrameworks/UIFoundation.framework/Versions/A/UIFoundation
0x000000000bb5d000 	/System/Library/Frameworks/IOSurface.framework/Versions/A/IOSurface
0x000000000bb5d000 	/System/Library/Frameworks/AudioToolbox.framework/Versions/A/AudioToolbox
0x000000000bb5d000 	/System/Library/Frameworks/AudioUnit.framework/Versions/A/AudioUnit
0x000000000bb5d000 	/System/Library/PrivateFrameworks/DataDetectorsCore.framework/Versions/A/DataDetectorsCore
0x000000000bb5d000 	/System/Library/PrivateFrameworks/DesktopServicesPriv.framework/Versions/A/DesktopServicesPriv
0x000000000bb5d000 	/System/Library/Frameworks/Carbon.framework/Versions/A/Frameworks/HIToolbox.framework/Versions/A/HIToolbox
0x000000000bb5d000 	/System/Library/Frameworks/QuartzCore.framework/Versions/A/QuartzCore
0x000000000bb5d000 	/System/Library/Frameworks/Carbon.framework/Versions/A/Frameworks/SpeechRecognition.framework/Versions/A/SpeechRecognition
0x000000000bb5d000 	/usr/lib/libauto.dylib
0x000000000bb5d000 	/usr/lib/libicucore.A.dylib
0x000000000bb5d000 	/usr/lib/libxml2.2.dylib
0x000000000bb5d000 	/System/Library/PrivateFrameworks/CoreUI.framework/Versions/A/CoreUI
0x000000000bb5d000 	/System/Library/Frameworks/CoreAudio.framework/Versions/A/CoreAudio
0x000000000bb5d000 	/System/Library/Frameworks/DiskArbitration.framework/Versions/A/DiskArbitration
0x000000000bb5d000 	/usr/lib/liblangid.dylib
0x000000000bb5d000 	/System/Library/PrivateFrameworks/MultitouchSupport.framework/Versions/A/MultitouchSupport
0x000000000bb5d000 	/System/Library/Frameworks/IOKit.framework/Versions/A/IOKit
0x000000000bb5d000 	/usr/lib/libDiagnosticMessagesClient.dylib
0x000000000bb5d000 	/System/Library/Frameworks/CoreServices.framework/Versions/A/CoreServices
0x000000000bb5d000 	/System/Library/PrivateFrameworks/PerformanceAnalysis.framework/Versions/A/PerformanceAnalysis
0x000000000bb5d000 	/System/Library/PrivateFrameworks/GenerationalStorage.framework/Versions/A/GenerationalStorage
0x000000000bb5d000 	/System/Library/Frameworks/OpenGL.framework/Versions/A/OpenGL
0x000000000bb5d000 	/System/Library/PrivateFrameworks/Sharing.framework/Versions/A/Sharing
0x000000000bb5d000 	/System/Library/Frameworks/CoreGraphics.framework/Versions/A/CoreGraphics
0x000000000bb5d000 	/System/Library/Frameworks/CoreText.framework/Versions/A/CoreText
0x000000000bb5d000 	/System/Library/Frameworks/ImageIO.framework/Versions/A/ImageIO
0x000000000bb5d000 	/usr/lib/libextension.dylib
0x000000000bb5d000 	/System/Library/PrivateFrameworks/Backup.framework/Versions/A/Backup
0x000000000bb5d000 	/usr/lib/libarchive.2.dylib
0x000000000bb5d000 	/System/Library/Frameworks/CFNetwork.framework/Versions/A/CFNetwork
0x000000000bb5d000 	/System/Library/Frameworks/SystemConfiguration.framework/Versions/A/SystemConfiguration
0x000000000bb5d000 	/usr/lib/libCRFSuite.dylib
0x000000000bb5d000 	/usr/lib/libc++.1.dylib
0x000000000bb5d000 	/usr/lib/libc++abi.dylib
0x000000000bb5d000 	/usr/lib/system/libcache.dylib
0x000000000bb5d000 	/usr/lib/system/libcommonCrypto.dylib
0x000000000bb5d000 	/usr/lib/system/libcompiler_rt.dylib
0x000000000bb5d000 	/usr/lib/system/libcopyfile.dylib
0x000000000bb5d000 	/usr/lib/system/libcorecrypto.dylib
0x000000000bb5d000 	/usr/lib/system/libdispatch.dylib
0x000000000bb5d000 	/usr/lib/system/libdyld.dylib
0x000000000bb5d000 	/usr/lib/system/libkeymgr.dylib
0x000000000bb5d000 	/usr/lib/system/liblaunch.dylib
0x000000000bb5d000 	/usr/lib/system/libmacho.dylib
0x000000000bb5d000 	/usr/lib/system/libquarantine.dylib
0x000000000bb5d000 	/usr/lib/system/libremovefile.dylib
0x000000000bb5d000 	/usr/lib/system/libsystem_asl.dylib
0x000000000bb5d000 	/usr/lib/system/libsystem_blocks.dylib
0x000000000bb5d000 	/usr/lib/system/libsystem_c.dylib
0x000000000bb5d000 	/usr/lib/system/libsystem_configuration.dylib
0x000000000bb5d000 	/usr/lib/system/libsystem_coreservices.dylib
0x000000000bb5d000 	/usr/lib/system/libsystem_coretls.dylib
0x000000000bb5d000 	/usr/lib/system/libsystem_dnssd.dylib
0x000000000bb5d000 	/usr/lib/system/libsystem_info.dylib
0x000000000bb5d000 	/usr/lib/system/libsystem_kernel.dylib
0x000000000bb5d000 	/usr/lib/system/libsystem_m.dylib
0x000000000bb5d000 	/usr/lib/system/libsystem_malloc.dylib
0x000000000bb5d000 	/usr/lib/system/libsystem_network.dylib
0x000000000bb5d000 	/usr/lib/system/libsystem_networkextension.dylib
0x000000000bb5d000 	/usr/lib/system/libsystem_notify.dylib
0x000000000bb5d000 	/usr/lib/system/libsystem_platform.dylib
0x000000000bb5d000 	/usr/lib/system/libsystem_pthread.dylib
0x000000000bb5d000 	/usr/lib/system/libsystem_sandbox.dylib
0x000000000bb5d000 	/usr/lib/system/libsystem_secinit.dylib
0x000000000bb5d000 	/usr/lib/system/libsystem_stats.dylib
0x000000000bb5d000 	/usr/lib/system/libsystem_trace.dylib
0x000000000bb5d000 	/usr/lib/system/libunc.dylib
0x000000000bb5d000 	/usr/lib/system/libunwind.dylib
0x000000000bb5d000 	/usr/lib/system/libxpc.dylib
0x000000000bb5d000 	/usr/lib/libbz2.1.0.dylib
0x000000000bb5d000 	/usr/lib/liblzma.5.dylib
0x000000000bb5d000 	/usr/lib/libbsm.0.dylib
0x000000000bb5d000 	/usr/lib/libsqlite3.dylib
0x000000000bb5d000 	/usr/lib/system/libkxld.dylib
0x000000000bb5d000 	/usr/lib/libxar.1.dylib
0x000000000bb5d000 	/usr/lib/libpam.2.dylib
0x000000000bb5d000 	/usr/lib/libOpenScriptingUtil.dylib
0x000000000bb5d000 	/System/Library/Frameworks/CoreServices.framework/Versions/A/Frameworks/FSEvents.framework/Versions/A/FSEvents
0x000000000bb5d000 	/System/Library/Frameworks/CoreServices.framework/Versions/A/Frameworks/CarbonCore.framework/Versions/A/CarbonCore
0x000000000bb5d000 	/System/Library/Frameworks/CoreServices.framework/Versions/A/Frameworks/Metadata.framework/Versions/A/Metadata
0x000000000bb5d000 	/System/Library/Frameworks/CoreServices.framework/Versions/A/Frameworks/OSServices.framework/Versions/A/OSServices
0x000000000bb5d000 	/System/Library/Frameworks/CoreServices.framework/Versions/A/Frameworks/SearchKit.framework/Versions/A/SearchKit
0x000000000bb5d000 	/System/Library/Frameworks/CoreServices.framework/Versions/A/Frameworks/AE.framework/Versions/A/AE
0x000000000bb5d000 	/System/Library/Frameworks/CoreServices.framework/Versions/A/Frameworks/LaunchServices.framework/Versions/A/LaunchServices
0x000000000bb5d000 	/System/Library/Frameworks/CoreServices.framework/Versions/A/Frameworks/DictionaryServices.framework/Versions/A/DictionaryServices
0x000000000bb5d000 	/System/Library/Frameworks/NetFS.framework/Versions/A/NetFS
0x000000000bb5d000 	/System/Library/PrivateFrameworks/NetAuth.framework/Versions/A/NetAuth
0x000000000bb5d000 	/System/Library/PrivateFrameworks/login.framework/Versions/A/Frameworks/loginsupport.framework/Versions/A/loginsupport
0x000000000bb5d000 	/System/Library/PrivateFrameworks/TCC.framework/Versions/A/TCC
0x000000000bb5d000 	/usr/lib/libmecabra.dylib
0x000000000bb5d000 	/System/Library/Frameworks/ApplicationServices.framework/Versions/A/Frameworks/ATS.framework/Versions/A/ATS
0x000000000bb5d000 	/System/Library/Frameworks/ApplicationServices.framework/Versions/A/Frameworks/ColorSync.framework/Versions/A/ColorSync
0x000000000bb5d000 	/System/Library/Frameworks/ApplicationServices.framework/Versions/A/Frameworks/HIServices.framework/Versions/A/HIServices
0x000000000bb5d000 	/System/Library/Frameworks/ApplicationServices.framework/Versions/A/Frameworks/LangAnalysis.framework/Versions/A/LangAnalysis
0x000000000bb5d000 	/System/Library/Frameworks/ApplicationServices.framework/Versions/A/Frameworks/PrintCore.framework/Versions/A/PrintCore
0x000000000bb5d000 	/System/Library/Frameworks/ApplicationServices.framework/Versions/A/Frameworks/QD.framework/Versions/A/QD
0x000000000bb5d000 	/System/Library/Frameworks/ApplicationServices.framework/Versions/A/Frameworks/SpeechSynthesis.framework/Versions/A/SpeechSynthesis
0x000000000bb5d000 	/System/Library/Frameworks/Accelerate.framework/Versions/A/Accelerate
0x000000000bb5d000 	/System/Library/Frameworks/Accelerate.framework/Versions/A/Frameworks/vImage.framework/Versions/A/vImage
0x000000000bb5d000 	/System/Library/Frameworks/Accelerate.framework/Versions/A/Frameworks/vecLib.framework/Versions/A/vecLib
0x000000000bb5d000 	/System/Library/Frameworks/Accelerate.framework/Versions/A/Frameworks/vecLib.framework/Versions/A/libvDSP.dylib
0x000000000bb5d000 	/System/Library/Frameworks/Accelerate.framework/Versions/A/Frameworks/vecLib.framework/Versions/A/libvMisc.dylib
0x000000000bb5d000 	/System/Library/Frameworks/Accelerate.framework/Versions/A/Frameworks/vecLib.framework/Versions/A/libLAPACK.dylib
0x000000000bb5d000 	/System/Library/Frameworks/Accelerate.framework/Versions/A/Frameworks/vecLib.framework/Versions/A/libBLAS.dylib
0x000000000bb5d000 	/System/Library/Frameworks/Accelerate.framework/Versions/A/Frameworks/vecLib.framework/Versions/A/libLinearAlgebra.dylib
0x000000000bb5d000 	/System/Library/Frameworks/ApplicationServices.framework/Versions/A/Frameworks/ATS.framework/Versions/A/Resources/libFontParser.dylib
0x000000000bb5d000 	/System/Library/Frameworks/ApplicationServices.framework/Versions/A/Frameworks/ATS.framework/Versions/A/Resources/libFontRegistry.dylib
0x000000000bb5d000 	/System/Library/PrivateFrameworks/AppleVPA.framework/Versions/A/AppleVPA
0x000000000bb5d000 	/System/Library/PrivateFrameworks/AppleJPEG.framework/Versions/A/AppleJPEG
0x000000000bb5d000 	/System/Library/Frameworks/ImageIO.framework/Versions/A/Resources/libJPEG.dylib
0x000000000bb5d000 	/System/Library/Frameworks/ImageIO.framework/Versions/A/Resources/libTIFF.dylib
0x000000000bb5d000 	/System/Library/Frameworks/ImageIO.framework/Versions/A/Resources/libPng.dylib
0x000000000bb5d000 	/System/Library/Frameworks/ImageIO.framework/Versions/A/Resources/libGIF.dylib
0x000000000bb5d000 	/System/Library/Frameworks/ImageIO.framework/Versions/A/Resources/libJP2.dylib
0x000000000bb5d000 	/System/Library/Frameworks/ImageIO.framework/Versions/A/Resources/libRadiance.dylib
0x000000000bb5d000 	/System/Library/Frameworks/CoreVideo.framework/Versions/A/CoreVideo
0x000000000bb5d000 	/System/Library/Frameworks/OpenGL.framework/Versions/A/Libraries/libGLU.dylib
0x000000000bb5d000 	/System/Library/Frameworks/OpenGL.framework/Versions/A/Libraries/libGFXShared.dylib
0x000000000bb5d000 	/System/Library/Frameworks/OpenGL.framework/Versions/A/Libraries/libGL.dylib
0x000000000bb5d000 	/System/Library/Frameworks/OpenGL.framework/Versions/A/Libraries/libGLImage.dylib
0x000000000bb5d000 	/System/Library/Frameworks/OpenGL.framework/Versions/A/Libraries/libCVMSPluginSupport.dylib
0x000000000bb5d000 	/System/Library/Frameworks/OpenGL.framework/Versions/A/Libraries/libCoreVMClient.dylib
0x000000000bb5d000 	/usr/lib/libcups.2.dylib
0x000000000bb5d000 	/System/Library/Frameworks/Kerberos.framework/Versions/A/Kerberos
0x000000000bb5d000 	/System/Library/Frameworks/GSS.framework/Versions/A/GSS
0x000000000bb5d000 	/usr/lib/libresolv.9.dylib
0x000000000bb5d000 	/usr/lib/libiconv.2.dylib
0x000000000bb5d000 	/System/Library/PrivateFrameworks/Heimdal.framework/Versions/A/Heimdal
0x000000000bb5d000 	/usr/lib/libheimdal-asn1.dylib
0x000000000bb5d000 	/System/Library/Frameworks/OpenDirectory.framework/Versions/A/OpenDirectory
0x000000000bb5d000 	/System/Library/PrivateFrameworks/CommonAuth.framework/Versions/A/CommonAuth
0x000000000bb5d000 	/System/Library/Frameworks/OpenDirectory.framework/Versions/A/Frameworks/CFOpenDirectory.framework/Versions/A/CFOpenDirectory
0x000000000bb5d000 	/System/Library/Frameworks/SecurityFoundation.framework/Versions/A/SecurityFoundation
0x000000000bb5d000 	/System/Library/PrivateFrameworks/LanguageModeling.framework/Versions/A/LanguageModeling
0x000000000bb5d000 	/usr/lib/libcmph.dylib
0x000000000bb5d000 	/System/Library/Frameworks/ServiceManagement.framework/Versions/A/ServiceManagement
0x000000000bb5d000 	/usr/lib/libxslt.1.dylib
0x000000000bb5d000 	/System/Library/Frameworks/Carbon.framework/Versions/A/Frameworks/Ink.framework/Versions/A/Ink
0x000000000bb5d000 	/System/Library/Frameworks/QuartzCore.framework/Versions/A/Frameworks/CoreImage.framework/Versions/A/CoreImage
0x000000000bb5d000 	/System/Library/PrivateFrameworks/CrashReporterSupport.framework/Versions/A/CrashReporterSupport
0x000000000bb5d000 	/System/Library/Frameworks/OpenCL.framework/Versions/A/OpenCL
0x000000000bb5d000 	/System/Library/PrivateFrameworks/FaceCore.framework/Versions/A/FaceCore
0x000000000bb5d000 	/System/Library/PrivateFrameworks/Ubiquity.framework/Versions/A/Ubiquity
0x000000000bb5d000 	/System/Library/PrivateFrameworks/IconServices.framework/Versions/A/IconServices
0x000000000bb5d000 	/System/Library/PrivateFrameworks/ChunkingLibrary.framework/Versions/A/ChunkingLibrary
0x000000000bb5d000 	/System/Library/PrivateFrameworks/Apple80211.framework/Versions/A/Apple80211
0x000000000bb5d000 	/System/Library/Frameworks/CoreWLAN.framework/Versions/A/CoreWLAN
0x000000000bb5d000 	/System/Library/Frameworks/IOBluetooth.framework/Versions/A/IOBluetooth
0x000000000bb5d000 	/System/Library/PrivateFrameworks/CoreWiFi.framework/Versions/A/CoreWiFi
0x000000000bb5d000 	/System/Library/Frameworks/CoreBluetooth.framework/Versions/A/CoreBluetooth
0x000000000bb5d000 	/System/Library/PrivateFrameworks/DebugSymbols.framework/Versions/A/DebugSymbols
0x000000000bb5d000 	/System/Library/PrivateFrameworks/CoreSymbolication.framework/Versions/A/CoreSymbolication
0x000000000bb5d000 	/System/Library/PrivateFrameworks/Symbolication.framework/Versions/A/Symbolication
0x000000000bb5d000 	/System/Library/PrivateFrameworks/SpeechRecognitionCore.framework/Versions/A/SpeechRecognitionCore
0x0000000110e00000 	/Library/Java/JavaVirtualMachines/jdk1.8.0_25.jdk/Contents/Home/jre/lib/server/libjvm.dylib
0x000000000bb5d000 	/usr/lib/libstdc++.6.dylib
0x000000010fd27000 	/Library/Java/JavaVirtualMachines/jdk1.8.0_25.jdk/Contents/Home/jre/lib/libverify.dylib
0x000000010fd35000 	/Library/Java/JavaVirtualMachines/jdk1.8.0_25.jdk/Contents/Home/jre/lib/libjava.dylib
0x000000010fd6a000 	/Library/Java/JavaVirtualMachines/jdk1.8.0_25.jdk/Contents/Home/jre/lib/libjdwp.dylib
0x000000010fdb5000 	/Library/Java/JavaVirtualMachines/jdk1.8.0_25.jdk/Contents/Home/jre/lib/libnpt.dylib
0x000000010fdc2000 	/Library/Java/JavaVirtualMachines/jdk1.8.0_25.jdk/Contents/Home/jre/lib/libzip.dylib
0x0000000128ef7000 	/System/Library/Frameworks/JavaVM.framework/Frameworks/JavaRuntimeSupport.framework/JavaRuntimeSupport
0x0000000128f0f000 	/System/Library/Frameworks/JavaVM.framework/Versions/A/Frameworks/JavaNativeFoundation.framework/Versions/A/JavaNativeFoundation
0x0000000128f24000 	/System/Library/Frameworks/JavaVM.framework/Versions/A/JavaVM
0x000000000bb5d000 	/System/Library/Frameworks/Carbon.framework/Versions/A/Carbon
0x000000010fdf4000 	/System/Library/PrivateFrameworks/JavaLaunching.framework/Versions/A/JavaLaunching
0x000000000bb5d000 	/System/Library/Frameworks/Carbon.framework/Versions/A/Frameworks/CommonPanels.framework/Versions/A/CommonPanels
0x000000000bb5d000 	/System/Library/Frameworks/Carbon.framework/Versions/A/Frameworks/Help.framework/Versions/A/Help
0x000000000bb5d000 	/System/Library/Frameworks/Carbon.framework/Versions/A/Frameworks/ImageCapture.framework/Versions/A/ImageCapture
0x000000000bb5d000 	/System/Library/Frameworks/Carbon.framework/Versions/A/Frameworks/OpenScripting.framework/Versions/A/OpenScripting
0x000000000bb5d000 	/System/Library/Frameworks/Carbon.framework/Versions/A/Frameworks/Print.framework/Versions/A/Print
0x000000000bb5d000 	/System/Library/Frameworks/Carbon.framework/Versions/A/Frameworks/SecurityHI.framework/Versions/A/SecurityHI
0x000000012a835000 	/Library/Java/JavaVirtualMachines/jdk1.8.0_25.jdk/Contents/Home/jre/lib/libdt_socket.dylib

VM Arguments:
jvm_args: -agentlib:jdwp=transport=dt_socket,suspend=y,address=localhost:61897 -Dfile.encoding=UTF-8 
java_command: TestDijkstra
java_class_path (initial): /Users/deb/Documents/workspace/Dijkstra Undirected
Launcher Type: SUN_STANDARD

Environment Variables:
PATH=/usr/bin:/bin:/usr/sbin:/sbin
SHELL=/bin/tcsh
DISPLAY=/private/tmp/com.apple.launchd.SqL5dJYhPa/org.macosforge.xquartz:0

Signal Handlers:
SIGSEGV: [libjvm.dylib+0x579dc7], sa_mask[0]=11111111011111110111111111111111, sa_flags=SA_ONSTACK|SA_RESTART|SA_SIGINFO
SIGBUS: [libjvm.dylib+0x579dc7], sa_mask[0]=11111111011111110111111111111111, sa_flags=SA_RESTART|SA_SIGINFO
SIGFPE: [libjvm.dylib+0x45b030], sa_mask[0]=11111111011111110111111111111111, sa_flags=SA_RESTART|SA_SIGINFO
SIGPIPE: [libjvm.dylib+0x45b030], sa_mask[0]=11111111011111110111111111111111, sa_flags=SA_RESTART|SA_SIGINFO
SIGXFSZ: [libjvm.dylib+0x45b030], sa_mask[0]=11111111011111110111111111111111, sa_flags=SA_RESTART|SA_SIGINFO
SIGILL: [libjvm.dylib+0x45b030], sa_mask[0]=11111111011111110111111111111111, sa_flags=SA_RESTART|SA_SIGINFO
SIGUSR1: SIG_DFL, sa_mask[0]=00000000000000000000000000000000, sa_flags=none
SIGUSR2: [libjvm.dylib+0x45ab4e], sa_mask[0]=00100000000000000000000000000000, sa_flags=SA_RESTART|SA_SIGINFO
SIGHUP: [libjvm.dylib+0x459121], sa_mask[0]=11111111011111110111111111111111, sa_flags=SA_RESTART|SA_SIGINFO
SIGINT: [libjvm.dylib+0x459121], sa_mask[0]=11111111011111110111111111111111, sa_flags=SA_RESTART|SA_SIGINFO
SIGTERM: [libjvm.dylib+0x459121], sa_mask[0]=11111111011111110111111111111111, sa_flags=SA_RESTART|SA_SIGINFO
SIGQUIT: [libjvm.dylib+0x459121], sa_mask[0]=11111111011111110111111111111111, sa_flags=SA_RESTART|SA_SIGINFO


---------------  S Y S T E M  ---------------

OS:Bsduname:Darwin 14.1.0 Darwin Kernel Version 14.1.0: Mon Dec 22 23:10:38 PST 2014; root:xnu-2782.10.72~2/RELEASE_X86_64 x86_64
rlimit: STACK 8192k, CORE 0k, NPROC 709, NOFILE 10240, AS infinity
load average:1.50 1.71 1.55

CPU:total 8 (4 cores per cpu, 2 threads per core) family 6 model 58 stepping 9, cmov, cx8, fxsr, mmx, sse, sse2, sse3, ssse3, sse4.1, sse4.2, popcnt, avx, aes, clmul, erms, ht, tsc, tscinvbit, tscinv

Memory: 4k page, physical 8388608k(26220k free)

/proc/meminfo:


vm_info: Java HotSpot(TM) 64-Bit Server VM (25.25-b02) for bsd-amd64 JRE (1.8.0_25-b17), built on Sep 17 2014 16:56:50 by "java_re" with gcc 4.2.1 (Based on Apple Inc. build 5658) (LLVM build 2336.11.00)

time: Wed Feb 25 20:42:37 2015
elapsed time: 974 seconds (0d 0h 16m 14s)

